17:52:31,847 main INFO Loading fonts.
17:52:31,848 main INFO Loading sound files.
17:52:31,904 main INFO Loading textures.
17:52:31,910 main INFO Creating UI.
17:52:31,910 main DEBUG Showing main menu.
17:52:31,910 main DEBUG Clearing old menu screen.
17:52:31,910 main DEBUG No main menu to clear
17:52:33,377 main INFO Starting a new game.
17:52:33,378 main DEBUG Load screen.
17:52:33,386 main DEBUG Removing old particle system.
17:52:33,386 main DEBUG 'GameWindow' object has no attribute 'flame_emitter_group'
17:52:33,531 main DEBUG Fligh path included in map, importing.
17:52:33,531 main DEBUG Removing obstacles from game grid.
17:52:34,384 main DEBUG generating new grid
17:52:34,401 main DEBUG Flightgrid found, importing.
17:52:34,401 main DEBUG removed 345 grid points for towers
17:52:34,401 main DEBUG removed 343 grid points for no walk
17:52:34,591 main DEBUG Pathfinding successful!
17:52:34,591 main DEBUG Steps: 62
17:52:36,27 main DEBUG Towers: 1
17:52:36,33 main DEBUG generating new grid
17:52:36,50 main DEBUG Flightgrid found, importing.
17:52:36,50 main DEBUG removed 346 grid points for towers
17:52:36,50 main DEBUG removed 343 grid points for no walk
17:52:36,220 main DEBUG Pathfinding successful!
17:52:36,220 main DEBUG Steps: 62
17:52:36,221 main DEBUG New path for grid: False
17:52:36,221 main DEBUG Tower placed at [3,17]
17:52:38,193 main DEBUG Towers: 2
17:52:38,199 main DEBUG generating new grid
17:52:38,215 main DEBUG Flightgrid found, importing.
17:52:38,215 main DEBUG removed 347 grid points for towers
17:52:38,215 main DEBUG removed 343 grid points for no walk
17:52:38,404 main DEBUG Pathfinding successful!
17:52:38,405 main DEBUG Steps: 62
17:52:38,405 main DEBUG New path for grid: False
17:52:38,405 main DEBUG Tower placed at [4,16]
17:52:39,616 main DEBUG Not found.
17:52:39,617 main DEBUG No tower found on 150,324
17:52:39,954 main DEBUG Found <tower.Tower object at 0x7f9dd1201cd0> in drag rectangle.
17:52:39,954 main DEBUG Found <tower.Tower object at 0x7f9dc73a37d0> in drag rectangle.
17:52:42,724 main DEBUG Found <tower.Tower object at 0x7f9dc73a37d0> in drag rectangle.
17:52:44,417 main INFO AI current gold: 2
17:52:44,485 main DEBUG Spawning mob ID0: 14.0hp, 1.0spd
17:52:44,486 main DEBUG Spawning mob ID1: 35.0hp, 0.9spd
17:52:44,486 main DEBUG Spawning mob ID2: 180.0hp, 0.6spd
17:52:44,487 main DEBUG Spawning mob ID3: 80.0hp, 1.8spd
17:52:44,487 main DEBUG Spawning mob ID4: 300.0hp, 0.9spd
17:52:44,488 main DEBUG Spawning mob ID5: 300.0hp, 1.25spd
17:52:44,489 main DEBUG Spawning mob ID6: 400.0hp, 1.0spd
17:52:44,490 main DEBUG Generating flying path
17:52:44,501 main DEBUG Pathfinding successful!
17:52:44,501 main DEBUG Steps: 47
17:52:44,501 main DEBUG Spawning mob ID7: 120.0hp, 0.9spd
17:52:44,501 main DEBUG Spawning mob ID8: 900.0hp, 0.5spd
17:52:44,502 main DEBUG Spawning mob ID9: 800.0hp, 0.8spd
17:52:44,502 main DEBUG Spawning mob ID10: 900.0hp, 1.0spd
17:52:44,503 main DEBUG Spawning mob ID11: 2000.0hp, 0.5spd
17:52:44,767 main DEBUG Spawning mob ID12: 14.0hp, 1.0spd
17:52:44,767 main DEBUG Spawning mob ID13: 35.0hp, 0.9spd
17:52:44,768 main DEBUG Spawning mob ID14: 180.0hp, 0.6spd
17:52:44,769 main DEBUG Spawning mob ID15: 80.0hp, 1.8spd
17:52:44,769 main DEBUG Spawning mob ID16: 300.0hp, 0.9spd
17:52:44,769 main DEBUG Spawning mob ID17: 300.0hp, 1.25spd
17:52:44,770 main DEBUG Spawning mob ID18: 400.0hp, 1.0spd
17:52:44,770 main DEBUG Spawning mob ID19: 120.0hp, 0.9spd
17:52:44,771 main DEBUG Spawning mob ID20: 900.0hp, 0.5spd
17:52:44,771 main DEBUG Spawning mob ID21: 800.0hp, 0.8spd
17:52:44,772 main DEBUG Spawning mob ID22: 900.0hp, 1.0spd
17:52:44,772 main DEBUG Spawning mob ID23: 2000.0hp, 0.5spd
17:52:45,1 main DEBUG Spawning mob ID24: 14.0hp, 1.0spd
17:52:45,2 main DEBUG Spawning mob ID25: 35.0hp, 0.9spd
17:52:45,2 main DEBUG Spawning mob ID26: 180.0hp, 0.6spd
17:52:45,3 main DEBUG Spawning mob ID27: 80.0hp, 1.8spd
17:52:45,3 main DEBUG Spawning mob ID28: 300.0hp, 0.9spd
17:52:45,4 main DEBUG Spawning mob ID29: 300.0hp, 1.25spd
17:52:45,4 main DEBUG Spawning mob ID30: 400.0hp, 1.0spd
17:52:45,5 main DEBUG Spawning mob ID31: 120.0hp, 0.9spd
17:52:45,7 main DEBUG Spawning mob ID32: 900.0hp, 0.5spd
17:52:45,8 main DEBUG Spawning mob ID33: 800.0hp, 0.8spd
17:52:45,8 main DEBUG Spawning mob ID34: 900.0hp, 1.0spd
17:52:45,9 main DEBUG Spawning mob ID35: 2000.0hp, 0.5spd
17:52:45,249 main DEBUG Found <tower.Tower object at 0x7f9dd1201cd0> in drag rectangle.
17:52:45,255 main DEBUG Spawning mob ID36: 14.0hp, 1.0spd
17:52:45,256 main DEBUG Spawning mob ID37: 35.0hp, 0.9spd
17:52:45,257 main DEBUG Spawning mob ID38: 180.0hp, 0.6spd
17:52:45,257 main DEBUG Spawning mob ID39: 80.0hp, 1.8spd
17:52:45,258 main DEBUG Spawning mob ID40: 300.0hp, 0.9spd
17:52:45,259 main DEBUG Spawning mob ID41: 300.0hp, 1.25spd
17:52:45,259 main DEBUG Spawning mob ID42: 400.0hp, 1.0spd
17:52:45,260 main DEBUG Spawning mob ID43: 120.0hp, 0.9spd
17:52:45,260 main DEBUG Spawning mob ID44: 900.0hp, 0.5spd
17:52:45,260 main DEBUG Spawning mob ID45: 800.0hp, 0.8spd
17:52:45,261 main DEBUG Spawning mob ID46: 900.0hp, 1.0spd
17:52:45,261 main DEBUG Spawning mob ID47: 2000.0hp, 0.5spd
17:52:45,504 main DEBUG Spawning mob ID48: 14.0hp, 1.0spd
17:52:45,505 main DEBUG Spawning mob ID49: 35.0hp, 0.9spd
17:52:45,506 main DEBUG Spawning mob ID50: 180.0hp, 0.6spd
17:52:45,507 main DEBUG Spawning mob ID51: 80.0hp, 1.8spd
17:52:45,507 main DEBUG Spawning mob ID52: 300.0hp, 0.9spd
17:52:45,508 main DEBUG Spawning mob ID53: 300.0hp, 1.25spd
17:52:45,509 main DEBUG Spawning mob ID54: 400.0hp, 1.0spd
17:52:45,509 main DEBUG Spawning mob ID55: 120.0hp, 0.9spd
17:52:45,510 main DEBUG Spawning mob ID56: 900.0hp, 0.5spd
17:52:45,510 main DEBUG Spawning mob ID57: 800.0hp, 0.8spd
17:52:45,512 main DEBUG Spawning mob ID58: 900.0hp, 1.0spd
17:52:45,512 main DEBUG Spawning mob ID59: 2000.0hp, 0.5spd
17:52:45,768 main DEBUG Spawning mob ID60: 14.0hp, 1.0spd
17:52:45,768 main DEBUG Spawning mob ID61: 35.0hp, 0.9spd
17:52:45,769 main DEBUG Spawning mob ID62: 180.0hp, 0.6spd
17:52:45,769 main DEBUG Spawning mob ID63: 80.0hp, 1.8spd
17:52:45,770 main DEBUG Spawning mob ID64: 300.0hp, 0.9spd
17:52:45,770 main DEBUG Spawning mob ID65: 300.0hp, 1.25spd
17:52:45,771 main DEBUG Spawning mob ID66: 400.0hp, 1.0spd
17:52:45,771 main DEBUG Spawning mob ID67: 120.0hp, 0.9spd
17:52:45,772 main DEBUG Spawning mob ID68: 900.0hp, 0.5spd
17:52:45,772 main DEBUG Spawning mob ID69: 800.0hp, 0.8spd
17:52:45,773 main DEBUG Spawning mob ID70: 900.0hp, 1.0spd
17:52:45,773 main DEBUG Spawning mob ID71: 2000.0hp, 0.5spd
17:52:46,50 main DEBUG Spawning mob ID72: 14.0hp, 1.0spd
17:52:46,51 main DEBUG Spawning mob ID73: 35.0hp, 0.9spd
17:52:46,51 main DEBUG Spawning mob ID74: 180.0hp, 0.6spd
17:52:46,52 main DEBUG Spawning mob ID75: 80.0hp, 1.8spd
17:52:46,52 main DEBUG Spawning mob ID76: 300.0hp, 0.9spd
17:52:46,52 main DEBUG Spawning mob ID77: 300.0hp, 1.25spd
17:52:46,53 main DEBUG Spawning mob ID78: 400.0hp, 1.0spd
17:52:46,53 main DEBUG Spawning mob ID79: 120.0hp, 0.9spd
17:52:46,54 main DEBUG Spawning mob ID80: 900.0hp, 0.5spd
17:52:46,54 main DEBUG Spawning mob ID81: 800.0hp, 0.8spd
17:52:46,55 main DEBUG Spawning mob ID82: 900.0hp, 1.0spd
17:52:46,55 main DEBUG Spawning mob ID83: 2000.0hp, 0.5spd
17:52:46,282 main DEBUG Spawning mob ID84: 14.0hp, 1.0spd
17:52:46,282 main DEBUG Spawning mob ID85: 35.0hp, 0.9spd
17:52:46,283 main DEBUG Spawning mob ID86: 180.0hp, 0.6spd
17:52:46,284 main DEBUG Spawning mob ID87: 80.0hp, 1.8spd
17:52:46,284 main DEBUG Spawning mob ID88: 300.0hp, 0.9spd
17:52:46,285 main DEBUG Spawning mob ID89: 300.0hp, 1.25spd
17:52:46,285 main DEBUG Spawning mob ID90: 400.0hp, 1.0spd
17:52:46,286 main DEBUG Spawning mob ID91: 120.0hp, 0.9spd
17:52:46,287 main DEBUG Spawning mob ID92: 900.0hp, 0.5spd
17:52:46,287 main DEBUG Spawning mob ID93: 800.0hp, 0.8spd
17:52:46,288 main DEBUG Spawning mob ID94: 900.0hp, 1.0spd
17:52:46,289 main DEBUG Spawning mob ID95: 2000.0hp, 0.5spd
17:52:46,547 main DEBUG Spawning mob ID96: 14.0hp, 1.0spd
17:52:46,548 main DEBUG Spawning mob ID97: 35.0hp, 0.9spd
17:52:46,549 main DEBUG Spawning mob ID98: 180.0hp, 0.6spd
17:52:46,549 main DEBUG Spawning mob ID99: 80.0hp, 1.8spd
17:52:46,550 main DEBUG Spawning mob ID100: 300.0hp, 0.9spd
17:52:46,551 main DEBUG Spawning mob ID101: 300.0hp, 1.25spd
17:52:46,551 main DEBUG Spawning mob ID102: 400.0hp, 1.0spd
17:52:46,552 main DEBUG Spawning mob ID103: 120.0hp, 0.9spd
17:52:46,553 main DEBUG Spawning mob ID104: 900.0hp, 0.5spd
17:52:46,553 main DEBUG Spawning mob ID105: 800.0hp, 0.8spd
17:52:46,554 main DEBUG Spawning mob ID106: 900.0hp, 1.0spd
17:52:46,554 main DEBUG Spawning mob ID107: 2000.0hp, 0.5spd
17:52:46,811 main DEBUG Spawning mob ID108: 14.0hp, 1.0spd
17:52:46,811 main DEBUG Spawning mob ID109: 35.0hp, 0.9spd
17:52:46,812 main DEBUG Spawning mob ID110: 180.0hp, 0.6spd
17:52:46,813 main DEBUG Spawning mob ID111: 80.0hp, 1.8spd
17:52:46,813 main DEBUG Spawning mob ID112: 300.0hp, 0.9spd
17:52:46,814 main DEBUG Spawning mob ID113: 300.0hp, 1.25spd
17:52:46,814 main DEBUG Spawning mob ID114: 400.0hp, 1.0spd
17:52:46,815 main DEBUG Spawning mob ID115: 120.0hp, 0.9spd
17:52:46,816 main DEBUG Spawning mob ID116: 900.0hp, 0.5spd
17:52:46,816 main DEBUG Spawning mob ID117: 800.0hp, 0.8spd
17:52:46,848 main DEBUG Spawning mob ID118: 900.0hp, 1.0spd
17:52:46,849 main DEBUG Spawning mob ID119: 2000.0hp, 0.5spd
17:52:47,66 main DEBUG Spawning mob ID120: 14.0hp, 1.0spd
17:52:47,67 main DEBUG Spawning mob ID121: 35.0hp, 0.9spd
17:52:47,67 main DEBUG Spawning mob ID122: 180.0hp, 0.6spd
17:52:47,68 main DEBUG Spawning mob ID123: 80.0hp, 1.8spd
17:52:47,69 main DEBUG Spawning mob ID124: 300.0hp, 0.9spd
17:52:47,69 main DEBUG Spawning mob ID125: 300.0hp, 1.25spd
17:52:47,70 main DEBUG Spawning mob ID126: 400.0hp, 1.0spd
17:52:47,70 main DEBUG Spawning mob ID127: 120.0hp, 0.9spd
17:52:47,70 main DEBUG Spawning mob ID128: 900.0hp, 0.5spd
17:52:47,71 main DEBUG Spawning mob ID129: 800.0hp, 0.8spd
17:52:47,71 main DEBUG Spawning mob ID130: 900.0hp, 1.0spd
17:52:47,72 main DEBUG Spawning mob ID131: 2000.0hp, 0.5spd
17:52:47,110 main DEBUG Found <tower.Tower object at 0x7f9dd1201cd0> in drag rectangle.
17:52:47,111 main DEBUG Found <tower.Tower object at 0x7f9dc73a37d0> in drag rectangle.
17:52:47,315 main DEBUG Spawning mob ID132: 14.0hp, 1.0spd
17:52:47,316 main DEBUG Spawning mob ID133: 35.0hp, 0.9spd
17:52:47,317 main DEBUG Spawning mob ID134: 180.0hp, 0.6spd
17:52:47,318 main DEBUG Spawning mob ID135: 80.0hp, 1.8spd
17:52:47,318 main DEBUG Spawning mob ID136: 300.0hp, 0.9spd
17:52:47,319 main DEBUG Spawning mob ID137: 300.0hp, 1.25spd
17:52:47,319 main DEBUG Spawning mob ID138: 400.0hp, 1.0spd
17:52:47,319 main DEBUG Spawning mob ID139: 120.0hp, 0.9spd
17:52:47,320 main DEBUG Spawning mob ID140: 900.0hp, 0.5spd
17:52:47,320 main DEBUG Spawning mob ID141: 800.0hp, 0.8spd
17:52:47,320 main DEBUG Spawning mob ID142: 900.0hp, 1.0spd
17:52:47,321 main DEBUG Spawning mob ID143: 2000.0hp, 0.5spd
17:52:47,581 main DEBUG Spawning mob ID144: 14.0hp, 1.0spd
17:52:47,582 main DEBUG Spawning mob ID145: 35.0hp, 0.9spd
17:52:47,582 main DEBUG Spawning mob ID146: 180.0hp, 0.6spd
17:52:47,583 main DEBUG Spawning mob ID147: 80.0hp, 1.8spd
17:52:47,583 main DEBUG Spawning mob ID148: 300.0hp, 0.9spd
17:52:47,584 main DEBUG Spawning mob ID149: 300.0hp, 1.25spd
17:52:47,585 main DEBUG Spawning mob ID150: 400.0hp, 1.0spd
17:52:47,585 main DEBUG Spawning mob ID151: 120.0hp, 0.9spd
17:52:47,586 main DEBUG Spawning mob ID152: 900.0hp, 0.5spd
17:52:47,587 main DEBUG Spawning mob ID153: 800.0hp, 0.8spd
17:52:47,587 main DEBUG Spawning mob ID154: 900.0hp, 1.0spd
17:52:47,588 main DEBUG Spawning mob ID155: 2000.0hp, 0.5spd
17:52:47,846 main DEBUG Spawning mob ID156: 14.0hp, 1.0spd
17:52:47,848 main DEBUG Spawning mob ID157: 35.0hp, 0.9spd
17:52:47,848 main DEBUG Spawning mob ID158: 180.0hp, 0.6spd
17:52:47,849 main DEBUG Spawning mob ID159: 80.0hp, 1.8spd
17:52:47,849 main DEBUG Spawning mob ID160: 300.0hp, 0.9spd
17:52:47,850 main DEBUG Spawning mob ID161: 300.0hp, 1.25spd
17:52:47,850 main DEBUG Spawning mob ID162: 400.0hp, 1.0spd
17:52:47,851 main DEBUG Spawning mob ID163: 120.0hp, 0.9spd
17:52:47,851 main DEBUG Spawning mob ID164: 900.0hp, 0.5spd
17:52:47,852 main DEBUG Spawning mob ID165: 800.0hp, 0.8spd
17:52:47,853 main DEBUG Spawning mob ID166: 900.0hp, 1.0spd
17:52:47,853 main DEBUG Spawning mob ID167: 2000.0hp, 0.5spd
17:52:48,97 main DEBUG Spawning mob ID168: 14.0hp, 1.0spd
17:52:48,98 main DEBUG Spawning mob ID169: 35.0hp, 0.9spd
17:52:48,99 main DEBUG Spawning mob ID170: 180.0hp, 0.6spd
17:52:48,99 main DEBUG Spawning mob ID171: 80.0hp, 1.8spd
17:52:48,100 main DEBUG Spawning mob ID172: 300.0hp, 0.9spd
17:52:48,100 main DEBUG Spawning mob ID173: 300.0hp, 1.25spd
17:52:48,100 main DEBUG Spawning mob ID174: 400.0hp, 1.0spd
17:52:48,101 main DEBUG Spawning mob ID175: 120.0hp, 0.9spd
17:52:48,101 main DEBUG Spawning mob ID176: 900.0hp, 0.5spd
17:52:48,102 main DEBUG Spawning mob ID177: 800.0hp, 0.8spd
17:52:48,102 main DEBUG Spawning mob ID178: 900.0hp, 1.0spd
17:52:48,102 main DEBUG Spawning mob ID179: 2000.0hp, 0.5spd
17:52:48,372 main DEBUG Spawning mob ID180: 14.0hp, 1.0spd
17:52:48,372 main DEBUG Spawning mob ID181: 35.0hp, 0.9spd
17:52:48,373 main DEBUG Spawning mob ID182: 180.0hp, 0.6spd
17:52:48,373 main DEBUG Spawning mob ID183: 80.0hp, 1.8spd
17:52:48,374 main DEBUG Spawning mob ID184: 300.0hp, 0.9spd
17:52:48,374 main DEBUG Spawning mob ID185: 300.0hp, 1.25spd
17:52:48,375 main DEBUG Spawning mob ID186: 400.0hp, 1.0spd
17:52:48,375 main DEBUG Spawning mob ID187: 120.0hp, 0.9spd
17:52:48,376 main DEBUG Spawning mob ID188: 900.0hp, 0.5spd
17:52:48,376 main DEBUG Spawning mob ID189: 800.0hp, 0.8spd
17:52:48,377 main DEBUG Spawning mob ID190: 900.0hp, 1.0spd
17:52:48,378 main DEBUG Spawning mob ID191: 2000.0hp, 0.5spd
17:52:48,654 main DEBUG Spawning mob ID192: 14.0hp, 1.0spd
17:52:48,655 main DEBUG Spawning mob ID193: 35.0hp, 0.9spd
17:52:48,655 main DEBUG Spawning mob ID194: 180.0hp, 0.6spd
17:52:48,656 main DEBUG Spawning mob ID195: 80.0hp, 1.8spd
17:52:48,656 main DEBUG Spawning mob ID196: 300.0hp, 0.9spd
17:52:48,656 main DEBUG Spawning mob ID197: 300.0hp, 1.25spd
17:52:48,657 main DEBUG Spawning mob ID198: 400.0hp, 1.0spd
17:52:48,657 main DEBUG Spawning mob ID199: 120.0hp, 0.9spd
17:52:48,657 main DEBUG Spawning mob ID200: 900.0hp, 0.5spd
17:52:48,658 main DEBUG Spawning mob ID201: 800.0hp, 0.8spd
17:52:48,658 main DEBUG Spawning mob ID202: 900.0hp, 1.0spd
17:52:48,658 main DEBUG Spawning mob ID203: 2000.0hp, 0.5spd
17:52:48,903 main DEBUG Spawning mob ID204: 14.0hp, 1.0spd
17:52:48,904 main DEBUG Spawning mob ID205: 35.0hp, 0.9spd
17:52:48,904 main DEBUG Spawning mob ID206: 180.0hp, 0.6spd
17:52:48,904 main DEBUG Spawning mob ID207: 80.0hp, 1.8spd
17:52:48,905 main DEBUG Spawning mob ID208: 300.0hp, 0.9spd
17:52:48,905 main DEBUG Spawning mob ID209: 300.0hp, 1.25spd
17:52:48,905 main DEBUG Spawning mob ID210: 400.0hp, 1.0spd
17:52:48,906 main DEBUG Spawning mob ID211: 120.0hp, 0.9spd
17:52:48,906 main DEBUG Spawning mob ID212: 900.0hp, 0.5spd
17:52:48,907 main DEBUG Spawning mob ID213: 800.0hp, 0.8spd
17:52:48,907 main DEBUG Spawning mob ID214: 900.0hp, 1.0spd
17:52:48,907 main DEBUG Spawning mob ID215: 2000.0hp, 0.5spd
17:52:49,153 main DEBUG Spawning mob ID216: 14.0hp, 1.0spd
17:52:49,154 main DEBUG Spawning mob ID217: 35.0hp, 0.9spd
17:52:49,155 main DEBUG Spawning mob ID218: 180.0hp, 0.6spd
17:52:49,155 main DEBUG Spawning mob ID219: 80.0hp, 1.8spd
17:52:49,156 main DEBUG Spawning mob ID220: 300.0hp, 0.9spd
17:52:49,156 main DEBUG Spawning mob ID221: 300.0hp, 1.25spd
17:52:49,157 main DEBUG Spawning mob ID222: 400.0hp, 1.0spd
17:52:49,157 main DEBUG Spawning mob ID223: 120.0hp, 0.9spd
17:52:49,158 main DEBUG Spawning mob ID224: 900.0hp, 0.5spd
17:52:49,159 main DEBUG Spawning mob ID225: 800.0hp, 0.8spd
17:52:49,160 main DEBUG Spawning mob ID226: 900.0hp, 1.0spd
17:52:49,160 main DEBUG Spawning mob ID227: 2000.0hp, 0.5spd
17:52:49,420 main DEBUG Spawning mob ID228: 14.0hp, 1.0spd
17:52:49,420 main DEBUG Spawning mob ID229: 35.0hp, 0.9spd
17:52:49,421 main DEBUG Spawning mob ID230: 180.0hp, 0.6spd
17:52:49,421 main DEBUG Spawning mob ID231: 80.0hp, 1.8spd
17:52:49,422 main DEBUG Spawning mob ID232: 300.0hp, 0.9spd
17:52:49,422 main DEBUG Spawning mob ID233: 300.0hp, 1.25spd
17:52:49,422 main DEBUG Spawning mob ID234: 400.0hp, 1.0spd
17:52:49,423 main DEBUG Spawning mob ID235: 120.0hp, 0.9spd
17:52:49,424 main DEBUG Spawning mob ID236: 900.0hp, 0.5spd
17:52:49,425 main DEBUG Spawning mob ID237: 800.0hp, 0.8spd
17:52:49,426 main DEBUG Spawning mob ID238: 900.0hp, 1.0spd
17:52:49,426 main DEBUG Spawning mob ID239: 2000.0hp, 0.5spd
17:52:49,685 main DEBUG Spawning mob ID240: 14.0hp, 1.0spd
17:52:49,685 main DEBUG Spawning mob ID241: 35.0hp, 0.9spd
17:52:49,686 main DEBUG Spawning mob ID242: 180.0hp, 0.6spd
17:52:49,686 main DEBUG Spawning mob ID243: 80.0hp, 1.8spd
17:52:49,687 main DEBUG Spawning mob ID244: 300.0hp, 0.9spd
17:52:49,687 main DEBUG Spawning mob ID245: 300.0hp, 1.25spd
17:52:49,688 main DEBUG Spawning mob ID246: 400.0hp, 1.0spd
17:52:49,688 main DEBUG Spawning mob ID247: 120.0hp, 0.9spd
17:52:49,688 main DEBUG Spawning mob ID248: 900.0hp, 0.5spd
17:52:49,689 main DEBUG Spawning mob ID249: 800.0hp, 0.8spd
17:52:49,690 main DEBUG Spawning mob ID250: 900.0hp, 1.0spd
17:52:49,691 main DEBUG Spawning mob ID251: 2000.0hp, 0.5spd
17:52:49,950 main DEBUG Spawning mob ID252: 14.0hp, 1.0spd
17:52:49,951 main DEBUG Spawning mob ID253: 35.0hp, 0.9spd
17:52:49,952 main DEBUG Spawning mob ID254: 180.0hp, 0.6spd
17:52:49,953 main DEBUG Spawning mob ID255: 80.0hp, 1.8spd
17:52:49,954 main DEBUG Spawning mob ID256: 300.0hp, 0.9spd
17:52:49,954 main DEBUG Spawning mob ID257: 300.0hp, 1.25spd
17:52:49,954 main DEBUG Spawning mob ID258: 400.0hp, 1.0spd
17:52:49,955 main DEBUG Spawning mob ID259: 120.0hp, 0.9spd
17:52:49,956 main DEBUG Spawning mob ID260: 900.0hp, 0.5spd
17:52:49,957 main DEBUG Spawning mob ID261: 800.0hp, 0.8spd
17:52:49,958 main DEBUG Spawning mob ID262: 900.0hp, 1.0spd
17:52:49,958 main DEBUG Spawning mob ID263: 2000.0hp, 0.5spd
17:52:50,216 main DEBUG Spawning mob ID264: 14.0hp, 1.0spd
17:52:50,217 main DEBUG Spawning mob ID265: 35.0hp, 0.9spd
17:52:50,218 main DEBUG Spawning mob ID266: 180.0hp, 0.6spd
17:52:50,218 main DEBUG Spawning mob ID267: 80.0hp, 1.8spd
17:52:50,219 main DEBUG Spawning mob ID268: 300.0hp, 0.9spd
17:52:50,219 main DEBUG Spawning mob ID269: 300.0hp, 1.25spd
17:52:50,220 main DEBUG Spawning mob ID270: 400.0hp, 1.0spd
17:52:50,220 main DEBUG Spawning mob ID271: 120.0hp, 0.9spd
17:52:50,221 main DEBUG Spawning mob ID272: 900.0hp, 0.5spd
17:52:50,222 main DEBUG Spawning mob ID273: 800.0hp, 0.8spd
17:52:50,222 main DEBUG Spawning mob ID274: 900.0hp, 1.0spd
17:52:50,223 main DEBUG Spawning mob ID275: 2000.0hp, 0.5spd
17:52:50,472 main DEBUG Spawning mob ID276: 14.0hp, 1.0spd
17:52:50,472 main DEBUG Spawning mob ID277: 35.0hp, 0.9spd
17:52:50,473 main DEBUG Spawning mob ID278: 180.0hp, 0.6spd
17:52:50,474 main DEBUG Spawning mob ID279: 80.0hp, 1.8spd
17:52:50,474 main DEBUG Spawning mob ID280: 300.0hp, 0.9spd
17:52:50,475 main DEBUG Spawning mob ID281: 300.0hp, 1.25spd
17:52:50,476 main DEBUG Spawning mob ID282: 400.0hp, 1.0spd
17:52:50,476 main DEBUG Spawning mob ID283: 120.0hp, 0.9spd
17:52:50,476 main DEBUG Spawning mob ID284: 900.0hp, 0.5spd
17:52:50,477 main DEBUG Spawning mob ID285: 800.0hp, 0.8spd
17:52:50,477 main DEBUG Spawning mob ID286: 900.0hp, 1.0spd
17:52:50,478 main DEBUG Spawning mob ID287: 2000.0hp, 0.5spd
17:52:50,721 main DEBUG Spawning mob ID288: 14.0hp, 1.0spd
17:52:50,722 main DEBUG Spawning mob ID289: 35.0hp, 0.9spd
17:52:50,723 main DEBUG Spawning mob ID290: 180.0hp, 0.6spd
17:52:50,724 main DEBUG Spawning mob ID291: 80.0hp, 1.8spd
17:52:50,724 main DEBUG Spawning mob ID292: 300.0hp, 0.9spd
17:52:50,725 main DEBUG Spawning mob ID293: 300.0hp, 1.25spd
17:52:50,725 main DEBUG Spawning mob ID294: 400.0hp, 1.0spd
17:52:50,726 main DEBUG Spawning mob ID295: 120.0hp, 0.9spd
17:52:50,726 main DEBUG Spawning mob ID296: 900.0hp, 0.5spd
17:52:50,726 main DEBUG Spawning mob ID297: 800.0hp, 0.8spd
17:52:50,727 main DEBUG Spawning mob ID298: 900.0hp, 1.0spd
17:52:50,727 main DEBUG Spawning mob ID299: 2000.0hp, 0.5spd
17:52:50,980 main DEBUG Spawning mob ID300: 14.0hp, 1.0spd
17:52:50,981 main DEBUG Spawning mob ID301: 35.0hp, 0.9spd
17:52:50,981 main DEBUG Spawning mob ID302: 180.0hp, 0.6spd
17:52:50,982 main DEBUG Spawning mob ID303: 80.0hp, 1.8spd
17:52:50,983 main DEBUG Spawning mob ID304: 300.0hp, 0.9spd
17:52:50,983 main DEBUG Spawning mob ID305: 300.0hp, 1.25spd
17:52:50,984 main DEBUG Spawning mob ID306: 400.0hp, 1.0spd
17:52:50,984 main DEBUG Spawning mob ID307: 120.0hp, 0.9spd
17:52:50,984 main DEBUG Spawning mob ID308: 900.0hp, 0.5spd
17:52:50,985 main DEBUG Spawning mob ID309: 800.0hp, 0.8spd
17:52:50,986 main DEBUG Spawning mob ID310: 900.0hp, 1.0spd
17:52:50,986 main DEBUG Spawning mob ID311: 2000.0hp, 0.5spd
17:52:51,236 main DEBUG Spawning mob ID312: 14.0hp, 1.0spd
17:52:51,237 main DEBUG Spawning mob ID313: 35.0hp, 0.9spd
17:52:51,237 main DEBUG Spawning mob ID314: 180.0hp, 0.6spd
17:52:51,238 main DEBUG Spawning mob ID315: 80.0hp, 1.8spd
17:52:51,239 main DEBUG Spawning mob ID316: 300.0hp, 0.9spd
17:52:51,239 main DEBUG Spawning mob ID317: 300.0hp, 1.25spd
17:52:51,240 main DEBUG Spawning mob ID318: 400.0hp, 1.0spd
17:52:51,240 main DEBUG Spawning mob ID319: 120.0hp, 0.9spd
17:52:51,241 main DEBUG Spawning mob ID320: 900.0hp, 0.5spd
17:52:51,241 main DEBUG Spawning mob ID321: 800.0hp, 0.8spd
17:52:51,242 main DEBUG Spawning mob ID322: 900.0hp, 1.0spd
17:52:51,242 main DEBUG Spawning mob ID323: 2000.0hp, 0.5spd
17:52:51,486 main DEBUG Spawning mob ID324: 14.0hp, 1.0spd
17:52:51,487 main DEBUG Spawning mob ID325: 35.0hp, 0.9spd
17:52:51,488 main DEBUG Spawning mob ID326: 180.0hp, 0.6spd
17:52:51,488 main DEBUG Spawning mob ID327: 80.0hp, 1.8spd
17:52:51,489 main DEBUG Spawning mob ID328: 300.0hp, 0.9spd
17:52:51,490 main DEBUG Spawning mob ID329: 300.0hp, 1.25spd
17:52:51,490 main DEBUG Spawning mob ID330: 400.0hp, 1.0spd
17:52:51,490 main DEBUG Spawning mob ID331: 120.0hp, 0.9spd
17:52:51,491 main DEBUG Spawning mob ID332: 900.0hp, 0.5spd
17:52:51,491 main DEBUG Spawning mob ID333: 800.0hp, 0.8spd
17:52:51,491 main DEBUG Spawning mob ID334: 900.0hp, 1.0spd
17:52:51,492 main DEBUG Spawning mob ID335: 2000.0hp, 0.5spd
17:52:51,745 main DEBUG Spawning mob ID336: 14.0hp, 1.0spd
17:52:51,746 main DEBUG Spawning mob ID337: 35.0hp, 0.9spd
17:52:51,747 main DEBUG Spawning mob ID338: 180.0hp, 0.6spd
17:52:51,748 main DEBUG Spawning mob ID339: 80.0hp, 1.8spd
17:52:51,748 main DEBUG Spawning mob ID340: 300.0hp, 0.9spd
17:52:51,749 main DEBUG Spawning mob ID341: 300.0hp, 1.25spd
17:52:51,750 main DEBUG Spawning mob ID342: 400.0hp, 1.0spd
17:52:51,750 main DEBUG Spawning mob ID343: 120.0hp, 0.9spd
17:52:51,751 main DEBUG Spawning mob ID344: 900.0hp, 0.5spd
17:52:51,751 main DEBUG Spawning mob ID345: 800.0hp, 0.8spd
17:52:51,752 main DEBUG Spawning mob ID346: 900.0hp, 1.0spd
17:52:51,752 main DEBUG Spawning mob ID347: 2000.0hp, 0.5spd
17:52:52,0 main DEBUG Spawning mob ID348: 14.0hp, 1.0spd
17:52:52,1 main DEBUG Spawning mob ID349: 35.0hp, 0.9spd
17:52:52,2 main DEBUG Spawning mob ID350: 180.0hp, 0.6spd
17:52:52,2 main DEBUG Spawning mob ID351: 80.0hp, 1.8spd
17:52:52,3 main DEBUG Spawning mob ID352: 300.0hp, 0.9spd
17:52:52,4 main DEBUG Spawning mob ID353: 300.0hp, 1.25spd
17:52:52,4 main DEBUG Spawning mob ID354: 400.0hp, 1.0spd
17:52:52,5 main DEBUG Spawning mob ID355: 120.0hp, 0.9spd
17:52:52,5 main DEBUG Spawning mob ID356: 900.0hp, 0.5spd
17:52:52,5 main DEBUG Spawning mob ID357: 800.0hp, 0.8spd
17:52:52,6 main DEBUG Spawning mob ID358: 900.0hp, 1.0spd
17:52:52,6 main DEBUG Spawning mob ID359: 2000.0hp, 0.5spd
17:52:52,709 main DEBUG Found <tower.Tower object at 0x7f9dd1201cd0> in drag rectangle.
17:52:52,709 main DEBUG Found <tower.Tower object at 0x7f9dc73a37d0> in drag rectangle.
17:52:53,84 main DEBUG Reached pos (0, 20), new target is (0, 20)
17:52:53,129 main DEBUG Reached pos (0, 20), new target is (0, 19)
17:52:54,289 main DEBUG Reached pos (0, 19), new target is (0, 18)
17:52:54,404 main INFO AI current gold: 3
17:52:54,624 main DEBUG Spawning mob ID360: 14.0hp, 1.0spd
17:52:54,626 main DEBUG Spawning mob ID361: 35.0hp, 0.9spd
17:52:54,626 main DEBUG Spawning mob ID362: 180.0hp, 0.6spd
17:52:54,627 main DEBUG Spawning mob ID363: 80.0hp, 1.8spd
17:52:54,627 main DEBUG Spawning mob ID364: 300.0hp, 0.9spd
17:52:54,628 main DEBUG Spawning mob ID365: 300.0hp, 1.25spd
17:52:54,629 main DEBUG Spawning mob ID366: 400.0hp, 1.0spd
17:52:54,629 main DEBUG Spawning mob ID367: 120.0hp, 0.9spd
17:52:54,630 main DEBUG Spawning mob ID368: 900.0hp, 0.5spd
17:52:54,630 main DEBUG Spawning mob ID369: 800.0hp, 0.8spd
17:52:54,631 main DEBUG Spawning mob ID370: 900.0hp, 1.0spd
17:52:54,631 main DEBUG Spawning mob ID371: 2000.0hp, 0.5spd
17:52:54,885 main DEBUG Spawning mob ID372: 14.0hp, 1.0spd
17:52:54,886 main DEBUG Spawning mob ID373: 35.0hp, 0.9spd
17:52:54,886 main DEBUG Spawning mob ID374: 180.0hp, 0.6spd
17:52:54,886 main DEBUG Spawning mob ID375: 80.0hp, 1.8spd
17:52:54,887 main DEBUG Spawning mob ID376: 300.0hp, 0.9spd
17:52:54,887 main DEBUG Spawning mob ID377: 300.0hp, 1.25spd
17:52:54,888 main DEBUG Spawning mob ID378: 400.0hp, 1.0spd
17:52:54,888 main DEBUG Spawning mob ID379: 120.0hp, 0.9spd
17:52:54,889 main DEBUG Spawning mob ID380: 900.0hp, 0.5spd
17:52:54,890 main DEBUG Spawning mob ID381: 800.0hp, 0.8spd
17:52:54,890 main DEBUG Spawning mob ID382: 900.0hp, 1.0spd
17:52:54,891 main DEBUG Spawning mob ID383: 2000.0hp, 0.5spd
17:52:55,151 main DEBUG Spawning mob ID384: 14.0hp, 1.0spd
17:52:55,152 main DEBUG Spawning mob ID385: 35.0hp, 0.9spd
17:52:55,152 main DEBUG Spawning mob ID386: 180.0hp, 0.6spd
17:52:55,153 main DEBUG Spawning mob ID387: 80.0hp, 1.8spd
17:52:55,154 main DEBUG Spawning mob ID388: 300.0hp, 0.9spd
17:52:55,154 main DEBUG Spawning mob ID389: 300.0hp, 1.25spd
17:52:55,155 main DEBUG Spawning mob ID390: 400.0hp, 1.0spd
17:52:55,156 main DEBUG Spawning mob ID391: 120.0hp, 0.9spd
17:52:55,156 main DEBUG Spawning mob ID392: 900.0hp, 0.5spd
17:52:55,158 main DEBUG Spawning mob ID393: 800.0hp, 0.8spd
17:52:55,159 main DEBUG Spawning mob ID394: 900.0hp, 1.0spd
17:52:55,159 main DEBUG Spawning mob ID395: 2000.0hp, 0.5spd
17:52:55,334 main DEBUG Found <tower.Tower object at 0x7f9dc73a37d0> in drag rectangle.
17:52:55,401 main DEBUG Spawning mob ID396: 14.0hp, 1.0spd
17:52:55,402 main DEBUG Spawning mob ID397: 35.0hp, 0.9spd
17:52:55,402 main DEBUG Spawning mob ID398: 180.0hp, 0.6spd
17:52:55,403 main DEBUG Spawning mob ID399: 80.0hp, 1.8spd
17:52:55,403 main DEBUG Spawning mob ID400: 300.0hp, 0.9spd
17:52:55,403 main DEBUG Spawning mob ID401: 300.0hp, 1.25spd
17:52:55,404 main DEBUG Spawning mob ID402: 400.0hp, 1.0spd
17:52:55,404 main DEBUG Spawning mob ID403: 120.0hp, 0.9spd
17:52:55,405 main DEBUG Spawning mob ID404: 900.0hp, 0.5spd
17:52:55,406 main DEBUG Spawning mob ID405: 800.0hp, 0.8spd
17:52:55,406 main DEBUG Spawning mob ID406: 900.0hp, 1.0spd
17:52:55,406 main DEBUG Spawning mob ID407: 2000.0hp, 0.5spd
17:52:55,468 main DEBUG Reached pos (0, 18), new target is (0, 17)
17:52:55,680 main DEBUG Spawning mob ID408: 14.0hp, 1.0spd
17:52:55,680 main DEBUG Spawning mob ID409: 35.0hp, 0.9spd
17:52:55,681 main DEBUG Spawning mob ID410: 180.0hp, 0.6spd
17:52:55,681 main DEBUG Spawning mob ID411: 80.0hp, 1.8spd
17:52:55,682 main DEBUG Spawning mob ID412: 300.0hp, 0.9spd
17:52:55,683 main DEBUG Spawning mob ID413: 300.0hp, 1.25spd
17:52:55,683 main DEBUG Spawning mob ID414: 400.0hp, 1.0spd
17:52:55,684 main DEBUG Spawning mob ID415: 120.0hp, 0.9spd
17:52:55,684 main DEBUG Spawning mob ID416: 900.0hp, 0.5spd
17:52:55,685 main DEBUG Spawning mob ID417: 800.0hp, 0.8spd
17:52:55,685 main DEBUG Spawning mob ID418: 900.0hp, 1.0spd
17:52:55,686 main DEBUG Spawning mob ID419: 2000.0hp, 0.5spd
17:52:55,952 main DEBUG Spawning mob ID420: 14.0hp, 1.0spd
17:52:55,953 main DEBUG Spawning mob ID421: 35.0hp, 0.9spd
17:52:55,953 main DEBUG Spawning mob ID422: 180.0hp, 0.6spd
17:52:55,954 main DEBUG Spawning mob ID423: 80.0hp, 1.8spd
17:52:55,955 main DEBUG Spawning mob ID424: 300.0hp, 0.9spd
17:52:55,956 main DEBUG Spawning mob ID425: 300.0hp, 1.25spd
17:52:55,956 main DEBUG Spawning mob ID426: 400.0hp, 1.0spd
17:52:55,957 main DEBUG Spawning mob ID427: 120.0hp, 0.9spd
17:52:55,957 main DEBUG Spawning mob ID428: 900.0hp, 0.5spd
17:52:55,958 main DEBUG Spawning mob ID429: 800.0hp, 0.8spd
17:52:55,959 main DEBUG Spawning mob ID430: 900.0hp, 1.0spd
17:52:55,960 main DEBUG Spawning mob ID431: 2000.0hp, 0.5spd
17:52:56,15 main DEBUG No towers in rect [226, 213, 226, 213, 226, 213, 226, 213]
17:52:56,203 main DEBUG Spawning mob ID432: 14.0hp, 1.0spd
17:52:56,204 main DEBUG Spawning mob ID433: 35.0hp, 0.9spd
17:52:56,205 main DEBUG Spawning mob ID434: 180.0hp, 0.6spd
17:52:56,206 main DEBUG Spawning mob ID435: 80.0hp, 1.8spd
17:52:56,206 main DEBUG Spawning mob ID436: 300.0hp, 0.9spd
17:52:56,207 main DEBUG Spawning mob ID437: 300.0hp, 1.25spd
17:52:56,207 main DEBUG Spawning mob ID438: 400.0hp, 1.0spd
17:52:56,208 main DEBUG Spawning mob ID439: 120.0hp, 0.9spd
17:52:56,208 main DEBUG Spawning mob ID440: 900.0hp, 0.5spd
17:52:56,209 main DEBUG Spawning mob ID441: 800.0hp, 0.8spd
17:52:56,209 main DEBUG Spawning mob ID442: 900.0hp, 1.0spd
17:52:56,209 main DEBUG Spawning mob ID443: 2000.0hp, 0.5spd
17:52:56,464 main DEBUG Spawning mob ID444: 14.0hp, 1.0spd
17:52:56,465 main DEBUG Spawning mob ID445: 35.0hp, 0.9spd
17:52:56,466 main DEBUG Spawning mob ID446: 180.0hp, 0.6spd
17:52:56,467 main DEBUG Spawning mob ID447: 80.0hp, 1.8spd
17:52:56,467 main DEBUG Spawning mob ID448: 300.0hp, 0.9spd
17:52:56,468 main DEBUG Spawning mob ID449: 300.0hp, 1.25spd
17:52:56,469 main DEBUG Spawning mob ID450: 400.0hp, 1.0spd
17:52:56,470 main DEBUG Spawning mob ID451: 120.0hp, 0.9spd
17:52:56,470 main DEBUG Spawning mob ID452: 900.0hp, 0.5spd
17:52:56,471 main DEBUG Spawning mob ID453: 800.0hp, 0.8spd
17:52:56,471 main DEBUG Spawning mob ID454: 900.0hp, 1.0spd
17:52:56,472 main DEBUG Spawning mob ID455: 2000.0hp, 0.5spd
17:52:56,630 main DEBUG Reached pos (0, 17), new target is (0, 16)
17:52:56,730 main DEBUG Spawning mob ID456: 14.0hp, 1.0spd
17:52:56,732 main DEBUG Spawning mob ID457: 35.0hp, 0.9spd
17:52:56,733 main DEBUG Spawning mob ID458: 180.0hp, 0.6spd
17:52:56,733 main DEBUG Spawning mob ID459: 80.0hp, 1.8spd
17:52:56,734 main DEBUG Spawning mob ID460: 300.0hp, 0.9spd
17:52:56,735 main DEBUG Spawning mob ID461: 300.0hp, 1.25spd
17:52:56,736 main DEBUG Spawning mob ID462: 400.0hp, 1.0spd
17:52:56,736 main DEBUG Spawning mob ID463: 120.0hp, 0.9spd
17:52:56,736 main DEBUG Spawning mob ID464: 900.0hp, 0.5spd
17:52:56,737 main DEBUG Spawning mob ID465: 800.0hp, 0.8spd
17:52:56,737 main DEBUG Spawning mob ID466: 900.0hp, 1.0spd
17:52:56,739 main DEBUG Spawning mob ID467: 2000.0hp, 0.5spd
17:52:57,11 main DEBUG Spawning mob ID468: 14.0hp, 1.0spd
17:52:57,12 main DEBUG Spawning mob ID469: 35.0hp, 0.9spd
17:52:57,13 main DEBUG Spawning mob ID470: 180.0hp, 0.6spd
17:52:57,13 main DEBUG Spawning mob ID471: 80.0hp, 1.8spd
17:52:57,14 main DEBUG Spawning mob ID472: 300.0hp, 0.9spd
17:52:57,14 main DEBUG Spawning mob ID473: 300.0hp, 1.25spd
17:52:57,14 main DEBUG Spawning mob ID474: 400.0hp, 1.0spd
17:52:57,15 main DEBUG Spawning mob ID475: 120.0hp, 0.9spd
17:52:57,15 main DEBUG Spawning mob ID476: 900.0hp, 0.5spd
17:52:57,15 main DEBUG Spawning mob ID477: 800.0hp, 0.8spd
17:52:57,16 main DEBUG Spawning mob ID478: 900.0hp, 1.0spd
17:52:57,16 main DEBUG Spawning mob ID479: 2000.0hp, 0.5spd
17:52:57,78 main DEBUG Found <tower.Tower object at 0x7f9dd1201cd0> in drag rectangle.
17:52:57,247 main DEBUG Spawning mob ID480: 14.0hp, 1.0spd
17:52:57,248 main DEBUG Spawning mob ID481: 35.0hp, 0.9spd
17:52:57,250 main DEBUG Spawning mob ID482: 180.0hp, 0.6spd
17:52:57,251 main DEBUG Spawning mob ID483: 80.0hp, 1.8spd
17:52:57,251 main DEBUG Spawning mob ID484: 300.0hp, 0.9spd
17:52:57,251 main DEBUG Spawning mob ID485: 300.0hp, 1.25spd
17:52:57,252 main DEBUG Spawning mob ID486: 400.0hp, 1.0spd
17:52:57,252 main DEBUG Spawning mob ID487: 120.0hp, 0.9spd
17:52:57,254 main DEBUG Spawning mob ID488: 900.0hp, 0.5spd
17:52:57,255 main DEBUG Spawning mob ID489: 800.0hp, 0.8spd
17:52:57,255 main DEBUG Spawning mob ID490: 900.0hp, 1.0spd
17:52:57,256 main DEBUG Spawning mob ID491: 2000.0hp, 0.5spd
17:52:57,498 main DEBUG Spawning mob ID492: 14.0hp, 1.0spd
17:52:57,500 main DEBUG Spawning mob ID493: 35.0hp, 0.9spd
17:52:57,500 main DEBUG Spawning mob ID494: 180.0hp, 0.6spd
17:52:57,501 main DEBUG Spawning mob ID495: 80.0hp, 1.8spd
17:52:57,502 main DEBUG Spawning mob ID496: 300.0hp, 0.9spd
17:52:57,502 main DEBUG Spawning mob ID497: 300.0hp, 1.25spd
17:52:57,503 main DEBUG Spawning mob ID498: 400.0hp, 1.0spd
17:52:57,503 main DEBUG Spawning mob ID499: 120.0hp, 0.9spd
17:52:57,504 main DEBUG Spawning mob ID500: 900.0hp, 0.5spd
17:52:57,504 main DEBUG Spawning mob ID501: 800.0hp, 0.8spd
17:52:57,505 main DEBUG Spawning mob ID502: 900.0hp, 1.0spd
17:52:57,505 main DEBUG Spawning mob ID503: 2000.0hp, 0.5spd
17:52:57,764 main DEBUG Spawning mob ID504: 14.0hp, 1.0spd
17:52:57,764 main DEBUG Spawning mob ID505: 35.0hp, 0.9spd
17:52:57,765 main DEBUG Spawning mob ID506: 180.0hp, 0.6spd
17:52:57,766 main DEBUG Spawning mob ID507: 80.0hp, 1.8spd
17:52:57,767 main DEBUG Spawning mob ID508: 300.0hp, 0.9spd
17:52:57,767 main DEBUG Spawning mob ID509: 300.0hp, 1.25spd
17:52:57,768 main DEBUG Spawning mob ID510: 400.0hp, 1.0spd
17:52:57,769 main DEBUG Spawning mob ID511: 120.0hp, 0.9spd
17:52:57,769 main DEBUG Spawning mob ID512: 900.0hp, 0.5spd
17:52:57,770 main DEBUG Spawning mob ID513: 800.0hp, 0.8spd
17:52:57,770 main DEBUG Spawning mob ID514: 900.0hp, 1.0spd
17:52:57,771 main DEBUG Spawning mob ID515: 2000.0hp, 0.5spd
17:52:57,787 main DEBUG Reached pos (0, 16), new target is (0, 15)
17:52:58,14 main DEBUG Spawning mob ID516: 14.0hp, 1.0spd
17:52:58,15 main DEBUG Spawning mob ID517: 35.0hp, 0.9spd
17:52:58,16 main DEBUG Spawning mob ID518: 180.0hp, 0.6spd
17:52:58,17 main DEBUG Spawning mob ID519: 80.0hp, 1.8spd
17:52:58,17 main DEBUG Spawning mob ID520: 300.0hp, 0.9spd
17:52:58,18 main DEBUG Spawning mob ID521: 300.0hp, 1.25spd
17:52:58,19 main DEBUG Spawning mob ID522: 400.0hp, 1.0spd
17:52:58,19 main DEBUG Spawning mob ID523: 120.0hp, 0.9spd
17:52:58,19 main DEBUG Spawning mob ID524: 900.0hp, 0.5spd
17:52:58,20 main DEBUG Spawning mob ID525: 800.0hp, 0.8spd
17:52:58,20 main DEBUG Spawning mob ID526: 900.0hp, 1.0spd
17:52:58,20 main DEBUG Spawning mob ID527: 2000.0hp, 0.5spd
17:52:58,291 main DEBUG Spawning mob ID528: 14.0hp, 1.0spd
17:52:58,291 main DEBUG Spawning mob ID529: 35.0hp, 0.9spd
17:52:58,292 main DEBUG Spawning mob ID530: 180.0hp, 0.6spd
17:52:58,292 main DEBUG Spawning mob ID531: 80.0hp, 1.8spd
17:52:58,293 main DEBUG Spawning mob ID532: 300.0hp, 0.9spd
17:52:58,293 main DEBUG Spawning mob ID533: 300.0hp, 1.25spd
17:52:58,294 main DEBUG Spawning mob ID534: 400.0hp, 1.0spd
17:52:58,294 main DEBUG Spawning mob ID535: 120.0hp, 0.9spd
17:52:58,295 main DEBUG Spawning mob ID536: 900.0hp, 0.5spd
17:52:58,296 main DEBUG Spawning mob ID537: 800.0hp, 0.8spd
17:52:58,297 main DEBUG Spawning mob ID538: 900.0hp, 1.0spd
17:52:58,297 main DEBUG Spawning mob ID539: 2000.0hp, 0.5spd
17:52:58,541 main DEBUG Spawning mob ID540: 14.0hp, 1.0spd
17:52:58,542 main DEBUG Spawning mob ID541: 35.0hp, 0.9spd
17:52:58,543 main DEBUG Spawning mob ID542: 180.0hp, 0.6spd
17:52:58,543 main DEBUG Spawning mob ID543: 80.0hp, 1.8spd
17:52:58,544 main DEBUG Spawning mob ID544: 300.0hp, 0.9spd
17:52:58,544 main DEBUG Spawning mob ID545: 300.0hp, 1.25spd
17:52:58,545 main DEBUG Spawning mob ID546: 400.0hp, 1.0spd
17:52:58,547 main DEBUG Spawning mob ID547: 120.0hp, 0.9spd
17:52:58,548 main DEBUG Spawning mob ID548: 900.0hp, 0.5spd
17:52:58,548 main DEBUG Spawning mob ID549: 800.0hp, 0.8spd
17:52:58,549 main DEBUG Spawning mob ID550: 900.0hp, 1.0spd
17:52:58,549 main DEBUG Spawning mob ID551: 2000.0hp, 0.5spd
17:52:58,575 main DEBUG Found <tower.Tower object at 0x7f9dd1201cd0> in drag rectangle.
17:52:58,575 main DEBUG Found <tower.Tower object at 0x7f9dc73a37d0> in drag rectangle.
17:52:58,801 main DEBUG Spawning mob ID552: 14.0hp, 1.0spd
17:52:58,802 main DEBUG Spawning mob ID553: 35.0hp, 0.9spd
17:52:58,803 main DEBUG Spawning mob ID554: 180.0hp, 0.6spd
17:52:58,803 main DEBUG Spawning mob ID555: 80.0hp, 1.8spd
17:52:58,804 main DEBUG Spawning mob ID556: 300.0hp, 0.9spd
17:52:58,805 main DEBUG Spawning mob ID557: 300.0hp, 1.25spd
17:52:58,805 main DEBUG Spawning mob ID558: 400.0hp, 1.0spd
17:52:58,806 main DEBUG Spawning mob ID559: 120.0hp, 0.9spd
17:52:58,806 main DEBUG Spawning mob ID560: 900.0hp, 0.5spd
17:52:58,807 main DEBUG Spawning mob ID561: 800.0hp, 0.8spd
17:52:58,807 main DEBUG Spawning mob ID562: 900.0hp, 1.0spd
17:52:58,808 main DEBUG Spawning mob ID563: 2000.0hp, 0.5spd
17:52:58,934 main DEBUG Reached pos (0, 15), new target is (0, 14)
17:52:59,51 main DEBUG Spawning mob ID564: 14.0hp, 1.0spd
17:52:59,51 main DEBUG Spawning mob ID565: 35.0hp, 0.9spd
17:52:59,52 main DEBUG Spawning mob ID566: 180.0hp, 0.6spd
17:52:59,52 main DEBUG Spawning mob ID567: 80.0hp, 1.8spd
17:52:59,52 main DEBUG Spawning mob ID568: 300.0hp, 0.9spd
17:52:59,53 main DEBUG Spawning mob ID569: 300.0hp, 1.25spd
17:52:59,53 main DEBUG Spawning mob ID570: 400.0hp, 1.0spd
17:52:59,53 main DEBUG Spawning mob ID571: 120.0hp, 0.9spd
17:52:59,54 main DEBUG Spawning mob ID572: 900.0hp, 0.5spd
17:52:59,54 main DEBUG Spawning mob ID573: 800.0hp, 0.8spd
17:52:59,54 main DEBUG Spawning mob ID574: 900.0hp, 1.0spd
17:52:59,55 main DEBUG Spawning mob ID575: 2000.0hp, 0.5spd
17:52:59,301 main DEBUG Spawning mob ID576: 14.0hp, 1.0spd
17:52:59,302 main DEBUG Spawning mob ID577: 35.0hp, 0.9spd
17:52:59,302 main DEBUG Spawning mob ID578: 180.0hp, 0.6spd
17:52:59,303 main DEBUG Spawning mob ID579: 80.0hp, 1.8spd
17:52:59,303 main DEBUG Spawning mob ID580: 300.0hp, 0.9spd
17:52:59,303 main DEBUG Spawning mob ID581: 300.0hp, 1.25spd
17:52:59,304 main DEBUG Spawning mob ID582: 400.0hp, 1.0spd
17:52:59,304 main DEBUG Spawning mob ID583: 120.0hp, 0.9spd
17:52:59,304 main DEBUG Spawning mob ID584: 900.0hp, 0.5spd
17:52:59,305 main DEBUG Spawning mob ID585: 800.0hp, 0.8spd
17:52:59,305 main DEBUG Spawning mob ID586: 900.0hp, 1.0spd
17:52:59,305 main DEBUG Spawning mob ID587: 2000.0hp, 0.5spd
17:52:59,343 main DEBUG Reached pos (0, 20), new target is (0, 20)
17:52:59,357 main DEBUG Reached pos (0, 20), new target is (0, 19)
17:52:59,570 main DEBUG Spawning mob ID588: 14.0hp, 1.0spd
17:52:59,571 main DEBUG Spawning mob ID589: 35.0hp, 0.9spd
17:52:59,572 main DEBUG Spawning mob ID590: 180.0hp, 0.6spd
17:52:59,572 main DEBUG Spawning mob ID591: 80.0hp, 1.8spd
17:52:59,573 main DEBUG Spawning mob ID592: 300.0hp, 0.9spd
17:52:59,573 main DEBUG Spawning mob ID593: 300.0hp, 1.25spd
17:52:59,574 main DEBUG Spawning mob ID594: 400.0hp, 1.0spd
17:52:59,574 main DEBUG Spawning mob ID595: 120.0hp, 0.9spd
17:52:59,575 main DEBUG Spawning mob ID596: 900.0hp, 0.5spd
17:52:59,576 main DEBUG Spawning mob ID597: 800.0hp, 0.8spd
17:52:59,576 main DEBUG Spawning mob ID598: 900.0hp, 1.0spd
17:52:59,577 main DEBUG Spawning mob ID599: 2000.0hp, 0.5spd
17:52:59,836 main DEBUG Spawning mob ID600: 14.0hp, 1.0spd
17:52:59,837 main DEBUG Spawning mob ID601: 35.0hp, 0.9spd
17:52:59,837 main DEBUG Spawning mob ID602: 180.0hp, 0.6spd
17:52:59,838 main DEBUG Spawning mob ID603: 80.0hp, 1.8spd
17:52:59,838 main DEBUG Spawning mob ID604: 300.0hp, 0.9spd
17:52:59,839 main DEBUG Spawning mob ID605: 300.0hp, 1.25spd
17:52:59,839 main DEBUG Spawning mob ID606: 400.0hp, 1.0spd
17:52:59,840 main DEBUG Spawning mob ID607: 120.0hp, 0.9spd
17:52:59,841 main DEBUG Spawning mob ID608: 900.0hp, 0.5spd
17:52:59,842 main DEBUG Spawning mob ID609: 800.0hp, 0.8spd
17:52:59,843 main DEBUG Spawning mob ID610: 900.0hp, 1.0spd
17:52:59,844 main DEBUG Spawning mob ID611: 2000.0hp, 0.5spd
17:53:00,68 main DEBUG Reached pos (0, 14), new target is (1, 13)
17:53:00,102 main DEBUG Spawning mob ID612: 14.0hp, 1.0spd
17:53:00,103 main DEBUG Spawning mob ID613: 35.0hp, 0.9spd
17:53:00,103 main DEBUG Spawning mob ID614: 180.0hp, 0.6spd
17:53:00,104 main DEBUG Spawning mob ID615: 80.0hp, 1.8spd
17:53:00,104 main DEBUG Spawning mob ID616: 300.0hp, 0.9spd
17:53:00,105 main DEBUG Spawning mob ID617: 300.0hp, 1.25spd
17:53:00,105 main DEBUG Spawning mob ID618: 400.0hp, 1.0spd
17:53:00,106 main DEBUG Spawning mob ID619: 120.0hp, 0.9spd
17:53:00,107 main DEBUG Spawning mob ID620: 900.0hp, 0.5spd
17:53:00,108 main DEBUG Spawning mob ID621: 800.0hp, 0.8spd
17:53:00,109 main DEBUG Spawning mob ID622: 900.0hp, 1.0spd
17:53:00,109 main DEBUG Spawning mob ID623: 2000.0hp, 0.5spd
17:53:00,384 main DEBUG Spawning mob ID624: 14.0hp, 1.0spd
17:53:00,384 main DEBUG Spawning mob ID625: 35.0hp, 0.9spd
17:53:00,385 main DEBUG Spawning mob ID626: 180.0hp, 0.6spd
17:53:00,386 main DEBUG Spawning mob ID627: 80.0hp, 1.8spd
17:53:00,386 main DEBUG Spawning mob ID628: 300.0hp, 0.9spd
17:53:00,387 main DEBUG Spawning mob ID629: 300.0hp, 1.25spd
17:53:00,387 main DEBUG Spawning mob ID630: 400.0hp, 1.0spd
17:53:00,387 main DEBUG Spawning mob ID631: 120.0hp, 0.9spd
17:53:00,388 main DEBUG Spawning mob ID632: 900.0hp, 0.5spd
17:53:00,388 main DEBUG Spawning mob ID633: 800.0hp, 0.8spd
17:53:00,389 main DEBUG Spawning mob ID634: 900.0hp, 1.0spd
17:53:00,389 main DEBUG Spawning mob ID635: 2000.0hp, 0.5spd
17:53:00,483 main DEBUG Reached pos (0, 19), new target is (0, 18)
17:53:00,617 main DEBUG Spawning mob ID636: 14.0hp, 1.0spd
17:53:00,618 main DEBUG Spawning mob ID637: 35.0hp, 0.9spd
17:53:00,618 main DEBUG Spawning mob ID638: 180.0hp, 0.6spd
17:53:00,619 main DEBUG Spawning mob ID639: 80.0hp, 1.8spd
17:53:00,620 main DEBUG Spawning mob ID640: 300.0hp, 0.9spd
17:53:00,620 main DEBUG Spawning mob ID641: 300.0hp, 1.25spd
17:53:00,620 main DEBUG Spawning mob ID642: 400.0hp, 1.0spd
17:53:00,621 main DEBUG Spawning mob ID643: 120.0hp, 0.9spd
17:53:00,621 main DEBUG Spawning mob ID644: 900.0hp, 0.5spd
17:53:00,622 main DEBUG Spawning mob ID645: 800.0hp, 0.8spd
17:53:00,622 main DEBUG Spawning mob ID646: 900.0hp, 1.0spd
17:53:00,622 main DEBUG Spawning mob ID647: 2000.0hp, 0.5spd
17:53:00,866 main DEBUG Spawning mob ID648: 14.0hp, 1.0spd
17:53:00,867 main DEBUG Spawning mob ID649: 35.0hp, 0.9spd
17:53:00,867 main DEBUG Spawning mob ID650: 180.0hp, 0.6spd
17:53:00,868 main DEBUG Spawning mob ID651: 80.0hp, 1.8spd
17:53:00,868 main DEBUG Spawning mob ID652: 300.0hp, 0.9spd
17:53:00,868 main DEBUG Spawning mob ID653: 300.0hp, 1.25spd
17:53:00,869 main DEBUG Spawning mob ID654: 400.0hp, 1.0spd
17:53:00,869 main DEBUG Spawning mob ID655: 120.0hp, 0.9spd
17:53:00,870 main DEBUG Spawning mob ID656: 900.0hp, 0.5spd
17:53:00,871 main DEBUG Spawning mob ID657: 800.0hp, 0.8spd
17:53:00,871 main DEBUG Spawning mob ID658: 900.0hp, 1.0spd
17:53:00,872 main DEBUG Spawning mob ID659: 2000.0hp, 0.5spd
